   1: Player 1 launched 78 (left 27) ships from planet 2 to planet 5
   1: Player 2 launched 105 (left 0) ships from planet 3 to planet 2
   2: Player 2 launched 1 (left 4) ships from planet 3 to planet 16
   3: Player 2 launched 2 (left 7) ships from planet 3 to planet 16
   3: Player 1 now owns planet 5
   4: Player 1 launched 13 (left 5) ships from planet 5 to planet 20
   4: Player 2 launched 12 (left 0) ships from planet 3 to planet 16
   5: Player 2 launched 1 (left 4) ships from planet 3 to planet 16
   6: Player 2 launched 2 (left 7) ships from planet 3 to planet 16
   7: Player 2 launched 12 (left 0) ships from planet 3 to planet 16
   8: Player 2 launched 1 (left 4) ships from planet 3 to planet 16
   9: Player 1 launched 50 (left 17) ships from planet 2 to planet 7
   9: Player 2 launched 2 (left 7) ships from planet 3 to planet 16
  10: Player 2 launched 12 (left 0) ships from planet 3 to planet 16
  11: Player 2 launched 1 (left 4) ships from planet 3 to planet 16
  12: Player 2 launched 2 (left 7) ships from planet 3 to planet 16
  13: Player 2 launched 12 (left 0) ships from planet 3 to planet 16
  14: Player 1 launched 31 (left 11) ships from planet 2 to planet 13
  14: Player 2 launched 1 (left 4) ships from planet 3 to planet 16
  15: Player 2 launched 2 (left 7) ships from planet 3 to planet 16
  16: Player 2 launched 12 (left 0) ships from planet 3 to planet 16
  17: Player 2 launched 1 (left 4) ships from planet 3 to planet 16
  17: Player 2 now owns planet 2
  18: Player 2 launched 74 (left 0) ships from planet 2 to planet 8
  18: Player 2 now owns planet 16
  19: Player 2 launched 14 (left 0) ships from planet 3 to planet 17
  20: Player 2 launched 2 (left 8) ships from planet 2 to planet 17
  21: Player 2 launched 13 (left 0) ships from planet 2 to planet 17
  21: Player 1 now owns planet 13
  21: Player 2 now owns planet 8
  22: Player 1 launched 44 (left 15) ships from planet 5 to planet 6
  22: Player 2 launched 23 (left 0) ships from planet 16 to planet 7
  23: Player 2 launched 20 (left 0) ships from planet 3 to planet 12
  24: Player 2 launched 15 (left 0) ships from planet 2 to planet 20
  25: Player 2 launched 18 (left 0) ships from planet 16 to planet 20
  26: Player 2 launched 15 (left 0) ships from planet 3 to planet 20
  27: Player 2 launched 15 (left 0) ships from planet 2 to planet 20
  27: Player 2 now owns planet 20
  28: Player 2 launched 18 (left 0) ships from planet 16 to planet 17
  29: Player 2 launched 15 (left 0) ships from planet 3 to planet 17
  30: Player 2 launched 17 (left 0) ships from planet 8 to planet 17
  30: Player 2 now owns planet 12
  31: Player 2 launched 28 (left 0) ships from planet 20 to planet 10
  32: Player 2 launched 25 (left 0) ships from planet 2 to planet 7
  33: Player 2 launched 21 (left 0) ships from planet 16 to planet 22
  34: Player 2 launched 25 (left 0) ships from planet 3 to planet 7
  35: Player 2 launched 16 (left 0) ships from planet 20 to planet 17
  35: Player 2 now owns planet 17
  36: Player 2 launched 20 (left 0) ships from planet 2 to planet 22
  36: Player 2 now owns planet 7
  37: Player 2 launched 3 (left 12) ships from planet 3 to planet 22
  38: Player 2 launched 4 (left 13) ships from planet 3 to planet 22
  39: Player 1 launched 34 (left 12) ships from planet 13 to planet 10
  39: Player 2 launched 32 (left 0) ships from planet 7 to planet 6
  40: Player 2 launched 23 (left 0) ships from planet 3 to planet 22
  41: Player 2 launched 25 (left 0) ships from planet 2 to planet 22
  42: Player 2 launched 28 (left 0) ships from planet 20 to planet 10
  43: Player 2 launched 26 (left 0) ships from planet 8 to planet 22
  43: Player 2 now owns planet 10
  44: Player 2 launched 27 (left 0) ships from planet 12 to planet 13
  45: Player 2 launched 28 (left 0) ships from planet 17 to planet 11
  45: Player 1 now owns planet 10
  46: Player 1 launched 65 (left 22) ships from planet 5 to planet 1
  46: Player 2 launched 31 (left 0) ships from planet 20 to planet 6
  47: Player 2 launched 35 (left 0) ships from planet 3 to planet 10
  48: Player 2 launched 35 (left 0) ships from planet 2 to planet 10
  49: Player 2 launched 55 (left 0) ships from planet 7 to planet 14
  49: Player 2 now owns planet 22
  50: Player 2 launched 53 (left 0) ships from planet 17 to planet 10
  51: Player 2 launched 38 (left 0) ships from planet 20 to planet 5
  52: Player 2 launched 36 (left 0) ships from planet 22 to planet 6
  53: Player 2 launched 30 (left 0) ships from planet 3 to planet 6
  53: Player 2 now owns planet 6
  54: Player 2 launched 30 (left 0) ships from planet 2 to planet 11
  54: Player 1 defended planet 10
  55: Player 2 launched 31 (left 0) ships from planet 22 to planet 11
  55: Player 1 defended planet 5
  56: Player 1 launched 34 (left 12) ships from planet 13 to planet 2
  56: Player 2 launched 26 (left 0) ships from planet 8 to planet 23
  57: Player 2 launched 26 (left 0) ships from planet 12 to planet 23
  57: Player 1 defended planet 10
  58: Player 2 launched 82 (left 0) ships from planet 6 to planet 9
  59: Player 2 launched 32 (left 0) ships from planet 20 to planet 11
  59: Player 2 now owns planet 10
  60: Player 2 launched 57 (left 0) ships from planet 22 to planet 18
  61: Player 2 launched 74 (left 0) ships from planet 10 to planet 9
  62: Player 2 launched 45 (left 0) ships from planet 3 to planet 14
  62: Player 2 now owns planet 13
  63: Player 2 launched 46 (left 0) ships from planet 6 to planet 14
  63: Player 2 defended planet 2
  63: Player 2 now owns planet 9
  64: Player 1 launched 28 (left 10) ships from planet 5 to planet 10
  64: Player 2 launched 45 (left 0) ships from planet 7 to planet 14
  64: Player 2 now owns planet 11
  65: Player 2 launched 33 (left 0) ships from planet 17 to planet 21
  65: Player 2 now owns planet 14
  65: Player 2 now owns planet 23
  66: Player 2 launched 33 (left 0) ships from planet 16 to planet 21
  67: Player 2 launched 32 (left 0) ships from planet 20 to planet 21
  68: Player 2 launched 43 (left 0) ships from planet 11 to planet 15
  69: Player 2 launched 41 (left 0) ships from planet 2 to planet 15
  70: Player 2 launched 42 (left 0) ships from planet 23 to planet 15
  70: Player 2 now owns planet 15
  71: Player 2 launched 82 (left 0) ships from planet 14 to planet 4
  72: Player 2 launched 50 (left 0) ships from planet 3 to planet 5
  73: Player 2 launched 83 (left 0) ships from planet 11 to planet 4
  74: Player 2 launched 103 (left 0) ships from planet 9 to planet 4
  74: Player 2 now owns planet 18
  75: Player 2 launched 62 (left 0) ships from planet 15 to planet 4
  76: Player 2 launched 65 (left 0) ships from planet 14 to planet 4
  76: Player 2 now owns planet 4
  77: Player 2 launched 64 (left 0) ships from planet 10 to planet 19
  78: Player 2 launched 46 (left 0) ships from planet 4 to planet 21
  78: Player 1 now owns planet 10
  78: Player 2 now owns planet 19
  79: Player 1 launched 41 (left 14) ships from planet 5 to planet 9
  79: Player 2 launched 50 (left 0) ships from planet 2 to planet 21
  79: Player 2 now owns planet 21
  80: Player 2 launched 52 (left 0) ships from planet 20 to planet 1
  81: Player 2 launched 65 (left 0) ships from planet 14 to planet 10
  82: Player 2 launched 94 (left 0) ships from planet 4 to planet 10
  83: Player 2 launched 73 (left 0) ships from planet 15 to planet 10
  83: Player 2 now owns planet 10
  84: Player 2 launched 68 (left 0) ships from planet 21 to planet 5
  85: Player 2 launched 66 (left 0) ships from planet 6 to planet 5
  86: Player 2 launched 70 (left 0) ships from planet 3 to planet 5
  87: Player 2 launched 80 (left 0) ships from planet 4 to planet 5
  88: Player 2 launched 86 (left 0) ships from planet 4 to planet 5
  89: Player 2 launched 85 (left 0) ships from planet 21 to planet 5
  89: Player 2 now owns planet 5
  90: Player 2 launched 78 (left 0) ships from planet 7 to planet 1
  90: Player 2 now owns planet 1
  99: Player 2 defended planet 9
